Determining if the pthread_create exist failed with the following output:
Change Dir: /home/totallybobdavis/catkin_ws/src/correspondence_grouping/CMakeFiles/CMakeTmp

Run Build Command:"/usr/bin/make" "cmTC_6ff6f/fast"
/usr/bin/make -f CMakeFiles/cmTC_6ff6f.dir/build.make CMakeFiles/cmTC_6ff6f.dir/build
make[1]: Entering directory `/home/totallybobdavis/catkin_ws/src/correspondence_grouping/CMakeFiles/CMakeTmp'
Building C object CMakeFiles/cmTC_6ff6f.dir/CheckSymbolExists.c.o
/usr/bin/cc     -o CMakeFiles/cmTC_6ff6f.dir/CheckSymbolExists.c.o   -c /home/totallybobdavis/catkin_ws/src/correspondence_grouping/CMakeFiles/CMakeTmp/CheckSymbolExists.c
Linking C executable cmTC_6ff6f
/home/totallybobdavis/clion-2016.3.2/bin/cmake/bin/cmake -E cmake_link_script CMakeFiles/cmTC_6ff6f.dir/link.txt --verbose=1
/usr/bin/cc       CMakeFiles/cmTC_6ff6f.dir/CheckSymbolExists.c.o  -o cmTC_6ff6f -rdynamic 
CMakeFiles/cmTC_6ff6f.dir/CheckSymbolExists.c.o: In function `main':
CheckSymbolExists.c:(.text+0x16): undefined reference to `pthread_create'
collect2: error: ld returned 1 exit status
make[1]: *** [cmTC_6ff6f] Error 1
make[1]: Leaving directory `/home/totallybobdavis/catkin_ws/src/correspondence_grouping/CMakeFiles/CMakeTmp'
make: *** [cmTC_6ff6f/fast] Error 2

File /home/totallybobdavis/catkin_ws/src/correspondence_grouping/CMakeFiles/CMakeTmp/CheckSymbolExists.c:
/* */
#include <pthread.h>

int main(int argc, char** argv)
{
  (void)argv;
#ifndef pthread_create
  return ((int*)(&pthread_create))[argc];
#else
  (void)argc;
  return 0;
#endif
}

Determining if the function pthread_create exists in the pthreads failed with the following output:
Change Dir: /home/totallybobdavis/catkin_ws/src/correspondence_grouping/CMakeFiles/CMakeTmp

Run Build Command:"/usr/bin/make" "cmTC_39060/fast"
/usr/bin/make -f CMakeFiles/cmTC_39060.dir/build.make CMakeFiles/cmTC_39060.dir/build
make[1]: Entering directory `/home/totallybobdavis/catkin_ws/src/correspondence_grouping/CMakeFiles/CMakeTmp'
Building C object CMakeFiles/cmTC_39060.dir/CheckFunctionExists.c.o
/usr/bin/cc    -DCHECK_FUNCTION_EXISTS=pthread_create   -o CMakeFiles/cmTC_39060.dir/CheckFunctionExists.c.o   -c /home/totallybobdavis/clion-2016.3.2/bin/cmake/share/cmake-3.6/Modules/CheckFunctionExists.c
Linking C executable cmTC_39060
/home/totallybobdavis/clion-2016.3.2/bin/cmake/bin/cmake -E cmake_link_script CMakeFiles/cmTC_39060.dir/link.txt --verbose=1
/usr/bin/cc   -DCHECK_FUNCTION_EXISTS=pthread_create    CMakeFiles/cmTC_39060.dir/CheckFunctionExists.c.o  -o cmTC_39060 -rdynamic -lpthreads 
/usr/bin/ld: cannot find -lpthreads
collect2: error: ld returned 1 exit status
make[1]: *** [cmTC_39060] Error 1
make[1]: Leaving directory `/home/totallybobdavis/catkin_ws/src/correspondence_grouping/CMakeFiles/CMakeTmp'
make: *** [cmTC_39060/fast] Error 2


